Log file open, 07/08/20 19:58:39
LogInit: Display: Running engine for game: Untrustable
LogPlatformFile: Not using cached read wrapper
LogTaskGraph: Started task graph with 5 named threads and 23 total threads with 3 sets of task threads.
LogStats: Stats thread started at 0.093360
LogD3D11RHI: Loaded GFSDK_Aftermath_Lib.x64.dll
LogICUInternationalization: ICU TimeZone Detection - Raw Offset: +1:00, Platform Override: ''
LogPluginManager: Mounting plugin Paper2D
LogPluginManager: Mounting plugin AISupport
LogPluginManager: Mounting plugin LightPropagationVolume
LogPluginManager: Mounting plugin CameraShakePreviewer
LogPluginManager: Mounting plugin ActorLayerUtilities
LogPluginManager: Mounting plugin AnimationSharing
LogPluginManager: Mounting plugin CLionSourceCodeAccess
LogPluginManager: Mounting plugin CodeLiteSourceCodeAccess
LogPluginManager: Mounting plugin GitSourceControl
LogPluginManager: Mounting plugin KDevelopSourceCodeAccess
LogPluginManager: Mounting plugin NullSourceCodeAccess
LogPluginManager: Mounting plugin PerforceSourceControl
LogPluginManager: Mounting plugin PlasticSourceControl
LogPluginManager: Mounting plugin RiderSourceCodeAccess
LogPluginManager: Mounting plugin SubversionSourceControl
LogPluginManager: Mounting plugin UObjectPlugin
LogPluginManager: Mounting plugin VisualStudioCodeSourceCodeAccess
LogPluginManager: Mounting plugin VisualStudioSourceCodeAccess
LogPluginManager: Mounting plugin XCodeSourceCodeAccess
LogPluginManager: Mounting plugin AssetManagerEditor
LogPluginManager: Mounting plugin CryptoKeys
LogPluginManager: Mounting plugin CurveEditorTools
LogPluginManager: Mounting plugin DataValidation
LogPluginManager: Mounting plugin EditorScriptingUtilities
LogPluginManager: Mounting plugin FacialAnimation
LogPluginManager: Mounting plugin GameplayTagsEditor
LogPluginManager: Mounting plugin GeometryMode
LogPluginManager: Mounting plugin MacGraphicsSwitching
LogPluginManager: Mounting plugin MaterialAnalyzer
LogPluginManager: Mounting plugin MobileLauncherProfileWizard
LogPluginManager: Mounting plugin PluginBrowser
LogPluginManager: Mounting plugin SpeedTreeImporter
LogPluginManager: Mounting plugin DatasmithContent
LogPluginManager: Mounting plugin VariantManagerContent
LogPluginManager: Mounting plugin AlembicImporter
LogPluginManager: Mounting plugin AutomationUtils
LogPluginManager: Mounting plugin BackChannel
LogPluginManager: Mounting plugin ChaosCloth
LogPluginManager: Mounting plugin ChaosClothEditor
LogPluginManager: Mounting plugin ChaosEditor
LogPluginManager: Mounting plugin ChaosNiagara
LogPluginManager: Mounting plugin ChaosSolverPlugin
LogPluginManager: Mounting plugin CharacterAI
LogPluginManager: Mounting plugin GeometryCache
LogPluginManager: Mounting plugin GeometryCollectionPlugin
LogPluginManager: Mounting plugin GeometryProcessing
LogPluginManager: Mounting plugin PlanarCut
LogPluginManager: Mounting plugin PlatformCrypto
LogPluginManager: Mounting plugin ProxyLODPlugin
LogPluginManager: Mounting plugin SkeletalReduction
LogPluginManager: Mounting plugin Niagara
LogPluginManager: Mounting plugin MagicLeap
LogPluginManager: Mounting plugin MagicLeapLightEstimation
LogPluginManager: Mounting plugin MagicLeapMedia
LogPluginManager: Mounting plugin MagicLeapPassableWorld
LogPluginManager: Mounting plugin MLSDK
LogPluginManager: Mounting plugin AndroidMedia
LogPluginManager: Mounting plugin AvfMedia
LogPluginManager: Mounting plugin ImgMedia
LogPluginManager: Mounting plugin MediaCompositing
LogPluginManager: Mounting plugin MediaPlayerEditor
LogPluginManager: Mounting plugin WebMMedia
LogPluginManager: Mounting plugin WmfMedia
LogPluginManager: Mounting plugin MeshPainting
LogPluginManager: Mounting plugin TcpMessaging
LogPluginManager: Mounting plugin UdpMessaging
LogPluginManager: Mounting plugin ActorSequence
LogPluginManager: Mounting plugin LevelSequenceEditor
LogPluginManager: Mounting plugin MatineeToLevelSequence
LogPluginManager: Mounting plugin MovieRenderPipeline
LogPluginManager: Mounting plugin TemplateSequence
LogPluginManager: Mounting plugin NetcodeUnitTest
LogPluginManager: Mounting plugin NUTUnrealEngine4
LogPluginManager: Mounting plugin OnlineSubsystemGooglePlay
LogPluginManager: Mounting plugin OnlineSubsystemIOS
LogPluginManager: Mounting plugin OnlineSubsystem
LogPluginManager: Mounting plugin OnlineSubsystemNull
LogPluginManager: Mounting plugin OnlineSubsystemSteam
LogPluginManager: Mounting plugin OnlineSubsystemUtils
LogPluginManager: Mounting plugin LauncherChunkInstaller
LogPluginManager: Mounting plugin AndroidDeviceProfileSelector
LogPluginManager: Mounting plugin AndroidMoviePlayer
LogPluginManager: Mounting plugin AndroidPermission
LogPluginManager: Mounting plugin AppleImageUtils
LogPluginManager: Mounting plugin AppleMoviePlayer
LogPluginManager: Mounting plugin ArchVisCharacter
LogPluginManager: Mounting plugin AssetTags
LogPluginManager: Mounting plugin AudioCapture
LogPluginManager: Mounting plugin CableComponent
LogPluginManager: Mounting plugin CustomMeshComponent
LogPluginManager: Mounting plugin EditableMesh
LogPluginManager: Mounting plugin ExampleDeviceProfileSelector
LogPluginManager: Mounting plugin GoogleCloudMessaging
LogPluginManager: Mounting plugin GooglePAD
LogPluginManager: Mounting plugin IOSDeviceProfileSelector
LogPluginManager: Mounting plugin LinuxDeviceProfileSelector
LogPluginManager: Mounting plugin LocationServicesBPLibrary
LogPluginManager: Mounting plugin MobilePatchingUtils
LogPluginManager: Mounting plugin OculusVR
LogPluginManager: Mounting plugin PhysXVehicles
LogPluginManager: Mounting plugin PostSplashScreen
LogPluginManager: Mounting plugin ProceduralMeshComponent
LogPluginManager: Mounting plugin RuntimePhysXCooking
LogPluginManager: Mounting plugin SignificanceManager
LogPluginManager: Mounting plugin SoundFields
LogPluginManager: Mounting plugin SteamShared
LogPluginManager: Mounting plugin SteamVR
LogPluginManager: Mounting plugin Synthesis
LogPluginManager: Mounting plugin WebMMoviePlayer
LogPluginManager: Mounting plugin WindowsMoviePlayer
LogPluginManager: Mounting plugin ScreenshotTools
LogPluginManager: Mounting plugin AdvancedSessions
LogPluginManager: Mounting plugin AdvancedSteamSessions
LogInit: Using libcurl 7.55.1-DEV
LogInit:  - built for x86_64-pc-win32
LogInit:  - supports SSL with OpenSSL/1.1.1
LogInit:  - supports HTTP deflate (compression) using libz 1.2.8
LogInit:  - other features:
LogInit:      CURL_VERSION_SSL
LogInit:      CURL_VERSION_LIBZ
LogInit:      CURL_VERSION_IPV6
LogInit:      CURL_VERSION_ASYNCHDNS
LogInit:      CURL_VERSION_LARGEFILE
LogInit:      CURL_VERSION_IDN
LogInit:  CurlRequestOptions (configurable via config and command line):
LogInit:  - bVerifyPeer = true  - Libcurl will verify peer certificate
LogInit:  - bUseHttpProxy = false  - Libcurl will NOT use HTTP proxy
LogInit:  - bDontReuseConnections = false  - Libcurl will reuse connections
LogInit:  - MaxHostConnections = 16  - Libcurl will limit the number of connections to a host
LogInit:  - LocalHostAddr = Default
LogInit:  - BufferSize = 65536
LogOnline: OSS: Creating online subsystem instance for: NULL
LogInit: WinSock: version 1.1 (2.2), MaxSocks=32767, MaxUdp=65467
LogOnline: OSS: TryLoadSubsystemAndSetDefault: Loaded subsystem for module [NULL]
LogInit: Build: ++UE4+Release-4.25-CL-13144385
LogInit: Engine Version: 4.25.0-13144385+++UE4+Release-4.25
LogInit: Compatible Engine Version: 4.25.0-13144385+++UE4+Release-4.25
LogInit: Net CL: 13144385
LogInit: OS: Windows 10 (Release 1909) (), CPU: Intel(R) Core(TM) i7-7700K CPU @ 4.20GHz, GPU: NVIDIA GeForce GTX 1080
LogInit: Compiled (64-bit): May  2 2020 02:12:11
LogInit: Compiled with Visual C++: 19.24.28315.00
LogInit: Build Configuration: Development
LogInit: Branch Name: ++UE4+Release-4.25
LogInit: Command Line: 
LogInit: Base Directory: D:/Program Files/Epic Games/UE_4.25/Engine/Binaries/Win64/
LogInit: Allocator: TBB
LogInit: Installed Engine Build: 1
LogDevObjectVersion: Number of dev versions registered: 26
LogDevObjectVersion:   Dev-Blueprints (B0D832E4-1F89-4F0D-ACCF-7EB736FD4AA2): 10
LogDevObjectVersion:   Dev-Build (E1C64328-A22C-4D53-A36C-8E866417BD8C): 0
LogDevObjectVersion:   Dev-Core (375EC13C-06E4-48FB-B500-84F0262A717E): 4
LogDevObjectVersion:   Dev-Editor (E4B068ED-F494-42E9-A231-DA0B2E46BB41): 38
LogDevObjectVersion:   Dev-Framework (CFFC743F-43B0-4480-9391-14DF171D2073): 37
LogDevObjectVersion:   Dev-Mobile (B02B49B5-BB20-44E9-A304-32B752E40360): 2
LogDevObjectVersion:   Dev-Networking (A4E4105C-59A1-49B5-A7C5-40C4547EDFEE): 0
LogDevObjectVersion:   Dev-Online (39C831C9-5AE6-47DC-9A44-9C173E1C8E7C): 0
LogDevObjectVersion:   Dev-Physics (78F01B33-EBEA-4F98-B9B4-84EACCB95AA2): 4
LogDevObjectVersion:   Dev-Platform (6631380F-2D4D-43E0-8009-CF276956A95A): 0
LogDevObjectVersion:   Dev-Rendering (12F88B9F-8875-4AFC-A67C-D90C383ABD29): 43
LogDevObjectVersion:   Dev-Sequencer (7B5AE74C-D270-4C10-A958-57980B212A5A): 12
LogDevObjectVersion:   Dev-VR (D7296918-1DD6-4BDD-9DE2-64A83CC13884): 3
LogDevObjectVersion:   Dev-LoadTimes (C2A15278-BFE7-4AFE-6C17-90FF531DF755): 1
LogDevObjectVersion:   Private-Geometry (6EACA3D4-40EC-4CC1-B786-8BED09428FC5): 3
LogDevObjectVersion:   Dev-AnimPhys (29E575DD-E0A3-4627-9D10-D276232CDCEA): 17
LogDevObjectVersion:   Dev-Anim (AF43A65D-7FD3-4947-9873-3E8ED9C1BB05): 7
LogDevObjectVersion:   Dev-ReflectionCapture (6B266CEC-1EC7-4B8F-A30B-E4D90942FC07): 1
LogDevObjectVersion:   Dev-Automation (0DF73D61-A23F-47EA-B727-89E90C41499A): 1
LogDevObjectVersion:   FortniteMain (601D1886-AC64-4F84-AA16-D3DE0DEAC7D6): 31
LogDevObjectVersion:   Dev-Enterprise (9DFFBCD6-494F-0158-E221-12823C92A888): 10
LogDevObjectVersion:   Dev-Niagara (F2AED0AC-9AFE-416F-8664-AA7FFA26D6FC): 1
LogDevObjectVersion:   Dev-Destruction (174F1F0B-B4C6-45A5-B13F-2EE8D0FB917D): 10
LogDevObjectVersion:   Dev-Physics-Ext (35F94A83-E258-406C-A318-09F59610247C): 37
LogDevObjectVersion:   Dev-PhysicsMaterial-Chaos (B68FC16E-8B1B-42E2-B453-215C058844FE): 1
LogDevObjectVersion:   Dev-CineCamera (B2E18506-4273-CFC2-A54E-F4BB758BBA07): 1
LogInit: Presizing for max 25165824 objects, including 0 objects not considered by GC, pre-allocating 0 bytes for permanent pool.
LogConfig: Applying CVar settings from Section [/Script/Engine.StreamingSettings] File [Z:/Untrustable/untrustables/Saved/Config/Windows/Engine.ini]
LogConfig: Setting CVar [[s.MinBulkDataSizeForAsyncLoading:131072]]
LogConfig: Setting CVar [[s.AsyncLoadingThreadEnabled:0]]
LogConfig: Setting CVar [[s.EventDrivenLoaderEnabled:1]]
LogConfig: Setting CVar [[s.WarnIfTimeLimitExceeded:0]]
LogConfig: Setting CVar [[s.TimeLimitExceededMultiplier:1.5]]
LogConfig: Setting CVar [[s.TimeLimitExceededMinTime:0.005]]
LogConfig: Setting CVar [[s.UseBackgroundLevelStreaming:1]]
LogConfig: Setting CVar [[s.PriorityAsyncLoadingExtraTime:15.0]]
LogConfig: Setting CVar [[s.LevelStreamingActorsUpdateTimeLimit:5.0]]
LogConfig: Setting CVar [[s.PriorityLevelStreamingActorsUpdateExtraTime:5.0]]
LogConfig: Setting CVar [[s.LevelStreamingComponentsRegistrationGranularity:10]]
LogConfig: Setting CVar [[s.UnregisterComponentsTimeLimit:1.0]]
LogConfig: Setting CVar [[s.LevelStreamingComponentsUnregistrationGranularity:5]]
LogConfig: Setting CVar [[s.FlushStreamingOnExit:1]]
LogInit: Object subsystem initialized
LogConfig: Setting CVar [[con.DebugEarlyDefault:1]]
LogConfig: Setting CVar [[r.setres:1280x720]]
[2020.07.08-17.58.39:818][  0]LogConfig: Setting CVar [[r.VSync:0]]
[2020.07.08-17.58.39:818][  0]LogConfig: Setting CVar [[r.RHICmdBypass:0]]
[2020.07.08-17.58.39:818][  0]LogConfig: Applying CVar settings from Section [/Script/Engine.RendererSettings] File [Z:/Untrustable/untrustables/Saved/Config/Windows/Engine.ini]
[2020.07.08-17.58.39:818][  0]LogConfig: Setting CVar [[r.GPUCrashDebugging:0]]
[2020.07.08-17.58.39:818][  0]LogConfig: Setting CVar [[r.DefaultFeature.AutoExposure:0]]
[2020.07.08-17.58.39:818][  0]LogConfig: Applying CVar settings from Section [/Script/Engine.RendererOverrideSettings] File [Z:/Untrustable/untrustables/Saved/Config/Windows/Engine.ini]
[2020.07.08-17.58.39:818][  0]LogConfig: Applying CVar settings from Section [/Script/Engine.StreamingSettings] File [Z:/Untrustable/untrustables/Saved/Config/Windows/Engine.ini]
[2020.07.08-17.58.39:818][  0]LogConfig: Setting CVar [[s.MinBulkDataSizeForAsyncLoading:131072]]
[2020.07.08-17.58.39:818][  0]LogConfig: Setting CVar [[s.AsyncLoadingThreadEnabled:0]]
[2020.07.08-17.58.39:818][  0]LogConfig: Setting CVar [[s.EventDrivenLoaderEnabled:1]]
[2020.07.08-17.58.39:818][  0]LogConfig: Setting CVar [[s.WarnIfTimeLimitExceeded:0]]
[2020.07.08-17.58.39:818][  0]LogConfig: Setting CVar [[s.TimeLimitExceededMultiplier:1.5]]
[2020.07.08-17.58.39:818][  0]LogConfig: Setting CVar [[s.TimeLimitExceededMinTime:0.005]]
[2020.07.08-17.58.39:818][  0]LogConfig: Setting CVar [[s.UseBackgroundLevelStreaming:1]]
[2020.07.08-17.58.39:818][  0]LogConfig: Setting CVar [[s.PriorityAsyncLoadingExtraTime:15.0]]
[2020.07.08-17.58.39:818][  0]LogConfig: Setting CVar [[s.LevelStreamingActorsUpdateTimeLimit:5.0]]
[2020.07.08-17.58.39:818][  0]LogConfig: Setting CVar [[s.PriorityLevelStreamingActorsUpdateExtraTime:5.0]]
[2020.07.08-17.58.39:818][  0]LogConfig: Setting CVar [[s.LevelStreamingComponentsRegistrationGranularity:10]]
[2020.07.08-17.58.39:818][  0]LogConfig: Setting CVar [[s.UnregisterComponentsTimeLimit:1.0]]
[2020.07.08-17.58.39:818][  0]LogConfig: Setting CVar [[s.LevelStreamingComponentsUnregistrationGranularity:5]]
[2020.07.08-17.58.39:818][  0]LogConfig: Setting CVar [[s.FlushStreamingOnExit:1]]
[2020.07.08-17.58.39:818][  0]LogConfig: Applying CVar settings from Section [/Script/Engine.GarbageCollectionSettings] File [Z:/Untrustable/untrustables/Saved/Config/Windows/Engine.ini]
[2020.07.08-17.58.39:818][  0]LogConfig: Setting CVar [[gc.MaxObjectsNotConsideredByGC:1]]
[2020.07.08-17.58.39:818][  0]LogConfig: Setting CVar [[gc.SizeOfPermanentObjectPool:0]]
[2020.07.08-17.58.39:818][  0]LogConfig: Setting CVar [[gc.FlushStreamingOnGC:0]]
[2020.07.08-17.58.39:818][  0]LogConfig: Setting CVar [[gc.NumRetriesBeforeForcingGC:10]]
[2020.07.08-17.58.39:818][  0]LogConfig: Setting CVar [[gc.AllowParallelGC:1]]
[2020.07.08-17.58.39:818][  0]LogConfig: Setting CVar [[gc.TimeBetweenPurgingPendingKillObjects:61.1]]
[2020.07.08-17.58.39:818][  0]LogConfig: Setting CVar [[gc.MaxObjectsInEditor:25165824]]
[2020.07.08-17.58.39:818][  0]LogConfig: Setting CVar [[gc.IncrementalBeginDestroyEnabled:1]]
[2020.07.08-17.58.39:818][  0]LogConfig: Setting CVar [[gc.CreateGCClusters:1]]
[2020.07.08-17.58.39:818][  0]LogConfig: Setting CVar [[gc.MinGCClusterSize:5]]
[2020.07.08-17.58.39:818][  0]LogConfig: Setting CVar [[gc.ActorClusteringEnabled:0]]
[2020.07.08-17.58.39:818][  0]LogConfig: Setting CVar [[gc.BlueprintClusteringEnabled:0]]
[2020.07.08-17.58.39:818][  0]LogConfig: Setting CVar [[gc.UseDisregardForGCOnDedicatedServers:0]]
[2020.07.08-17.58.39:818][  0]LogConfig: Applying CVar settings from Section [/Script/Engine.NetworkSettings] File [Z:/Untrustable/untrustables/Saved/Config/Windows/Engine.ini]
[2020.07.08-17.58.39:818][  0]LogConfig: Applying CVar settings from Section [/Script/UnrealEd.CookerSettings] File [Z:/Untrustable/untrustables/Saved/Config/Windows/Engine.ini]
[2020.07.08-17.58.39:822][  0]LogConfig: Applying CVar settings from Section [ViewDistanceQuality@3] File [Z:/Untrustable/untrustables/Saved/Config/Windows/Scalability.ini]
[2020.07.08-17.58.39:822][  0]LogConfig: Setting CVar [[r.SkeletalMeshLODBias:0]]
[2020.07.08-17.58.39:822][  0]LogConfig: Setting CVar [[r.ViewDistanceScale:1.0]]
[2020.07.08-17.58.39:822][  0]LogConfig: Applying CVar settings from Section [AntiAliasingQuality@3] File [Z:/Untrustable/untrustables/Saved/Config/Windows/Scalability.ini]
[2020.07.08-17.58.39:822][  0]LogConfig: Setting CVar [[r.PostProcessAAQuality:4]]
[2020.07.08-17.58.39:822][  0]LogConfig: Applying CVar settings from Section [ShadowQuality@3] File [Z:/Untrustable/untrustables/Saved/Config/Windows/Scalability.ini]
[2020.07.08-17.58.39:822][  0]LogConfig: Setting CVar [[r.LightFunctionQuality:1]]
[2020.07.08-17.58.39:822][  0]LogConfig: Setting CVar [[r.ShadowQuality:5]]
[2020.07.08-17.58.39:822][  0]LogConfig: Setting CVar [[r.Shadow.CSM.MaxCascades:10]]
[2020.07.08-17.58.39:822][  0]LogConfig: Setting CVar [[r.Shadow.MaxResolution:2048]]
[2020.07.08-17.58.39:822][  0]LogConfig: Setting CVar [[r.Shadow.MaxCSMResolution:2048]]
[2020.07.08-17.58.39:822][  0]LogConfig: Setting CVar [[r.Shadow.RadiusThreshold:0.01]]
[2020.07.08-17.58.39:822][  0]LogConfig: Setting CVar [[r.Shadow.DistanceScale:1.0]]
[2020.07.08-17.58.39:822][  0]LogConfig: Setting CVar [[r.Shadow.CSM.TransitionScale:1.0]]
[2020.07.08-17.58.39:822][  0]LogConfig: Setting CVar [[r.Shadow.PreShadowResolutionFactor:1.0]]
[2020.07.08-17.58.39:822][  0]LogConfig: Setting CVar [[r.DistanceFieldShadowing:1]]
[2020.07.08-17.58.39:822][  0]LogConfig: Setting CVar [[r.DistanceFieldAO:1]]
[2020.07.08-17.58.39:822][  0]LogConfig: Setting CVar [[r.AOQuality:2]]
[2020.07.08-17.58.39:822][  0]LogConfig: Setting CVar [[r.VolumetricFog:1]]
[2020.07.08-17.58.39:822][  0]LogConfig: Setting CVar [[r.VolumetricFog.GridPixelSize:8]]
[2020.07.08-17.58.39:822][  0]LogConfig: Setting CVar [[r.VolumetricFog.GridSizeZ:128]]
[2020.07.08-17.58.39:822][  0]LogConfig: Setting CVar [[r.VolumetricFog.HistoryMissSupersampleCount:4]]
[2020.07.08-17.58.39:822][  0]LogConfig: Setting CVar [[r.LightMaxDrawDistanceScale:1]]
[2020.07.08-17.58.39:822][  0]LogConfig: Setting CVar [[r.CapsuleShadows:1]]
[2020.07.08-17.58.39:822][  0]LogConfig: Applying CVar settings from Section [PostProcessQuality@3] File [Z:/Untrustable/untrustables/Saved/Config/Windows/Scalability.ini]
[2020.07.08-17.58.39:822][  0]LogConfig: Setting CVar [[r.MotionBlurQuality:4]]
[2020.07.08-17.58.39:822][  0]LogConfig: Setting CVar [[r.AmbientOcclusionMipLevelFactor:0.4]]
[2020.07.08-17.58.39:822][  0]LogConfig: Setting CVar [[r.AmbientOcclusionMaxQuality:100]]
[2020.07.08-17.58.39:822][  0]LogConfig: Setting CVar [[r.AmbientOcclusionLevels:-1]]
[2020.07.08-17.58.39:822][  0]LogConfig: Setting CVar [[r.AmbientOcclusionRadiusScale:1.0]]
[2020.07.08-17.58.39:822][  0]LogConfig: Setting CVar [[r.DepthOfFieldQuality:2]]
[2020.07.08-17.58.39:822][  0]LogConfig: Setting CVar [[r.RenderTargetPoolMin:400]]
[2020.07.08-17.58.39:822][  0]LogConfig: Setting CVar [[r.LensFlareQuality:2]]
[2020.07.08-17.58.39:822][  0]LogConfig: Setting CVar [[r.SceneColorFringeQuality:1]]
[2020.07.08-17.58.39:822][  0]LogConfig: Setting CVar [[r.EyeAdaptationQuality:2]]
[2020.07.08-17.58.39:822][  0]LogConfig: Setting CVar [[r.BloomQuality:5]]
[2020.07.08-17.58.39:822][  0]LogConfig: Setting CVar [[r.FastBlurThreshold:100]]
[2020.07.08-17.58.39:822][  0]LogConfig: Setting CVar [[r.Upscale.Quality:3]]
[2020.07.08-17.58.39:822][  0]LogConfig: Setting CVar [[r.Tonemapper.GrainQuantization:1]]
[2020.07.08-17.58.39:822][  0]LogConfig: Setting CVar [[r.LightShaftQuality:1]]
[2020.07.08-17.58.39:822][  0]LogConfig: Setting CVar [[r.Filter.SizeScale:1]]
[2020.07.08-17.58.39:823][  0]LogConfig: Setting CVar [[r.Tonemapper.Quality:5]]
[2020.07.08-17.58.39:823][  0]LogConfig: Setting CVar [[r.DOF.Gather.AccumulatorQuality:1        ; higher gathering accumulator quality]]
[2020.07.08-17.58.39:823][  0]LogConfig: Setting CVar [[r.DOF.Gather.PostfilterMethod:1          ; Median3x3 postfilering method]]
[2020.07.08-17.58.39:823][  0]LogConfig: Setting CVar [[r.DOF.Gather.EnableBokehSettings:0       ; no bokeh simulation when gathering]]
[2020.07.08-17.58.39:823][  0]LogConfig: Setting CVar [[r.DOF.Gather.RingCount:4                 ; medium number of samples when gathering]]
[2020.07.08-17.58.39:823][  0]LogConfig: Setting CVar [[r.DOF.Scatter.ForegroundCompositing:1    ; additive foreground scattering]]
[2020.07.08-17.58.39:823][  0]LogConfig: Setting CVar [[r.DOF.Scatter.BackgroundCompositing:2    ; additive background scattering]]
[2020.07.08-17.58.39:823][  0]LogConfig: Setting CVar [[r.DOF.Scatter.EnableBokehSettings:1      ; bokeh simulation when scattering]]
[2020.07.08-17.58.39:823][  0]LogConfig: Setting CVar [[r.DOF.Scatter.MaxSpriteRatio:0.1         ; only a maximum of 10% of scattered bokeh]]
[2020.07.08-17.58.39:823][  0]LogConfig: Setting CVar [[r.DOF.Recombine.Quality:1                ; cheap slight out of focus]]
[2020.07.08-17.58.39:823][  0]LogConfig: Setting CVar [[r.DOF.Recombine.EnableBokehSettings:0    ; no bokeh simulation on slight out of focus]]
[2020.07.08-17.58.39:823][  0]LogConfig: Setting CVar [[r.DOF.TemporalAAQuality:1                ; more stable temporal accumulation]]
[2020.07.08-17.58.39:823][  0]LogConfig: Setting CVar [[r.DOF.Kernel.MaxForegroundRadius:0.025]]
[2020.07.08-17.58.39:823][  0]LogConfig: Setting CVar [[r.DOF.Kernel.MaxBackgroundRadius:0.025]]
[2020.07.08-17.58.39:823][  0]LogConfig: Applying CVar settings from Section [TextureQuality@3] File [Z:/Untrustable/untrustables/Saved/Config/Windows/Scalability.ini]
[2020.07.08-17.58.39:823][  0]LogConfig: Setting CVar [[r.Streaming.MipBias:0]]
[2020.07.08-17.58.39:823][  0]LogConfig: Setting CVar [[r.Streaming.AmortizeCPUToGPUCopy:0]]
[2020.07.08-17.58.39:823][  0]LogConfig: Setting CVar [[r.Streaming.MaxNumTexturesToStreamPerFrame:0]]
[2020.07.08-17.58.39:823][  0]LogConfig: Setting CVar [[r.Streaming.Boost:1]]
[2020.07.08-17.58.39:823][  0]LogConfig: Setting CVar [[r.MaxAnisotropy:8]]
[2020.07.08-17.58.39:823][  0]LogConfig: Setting CVar [[r.VT.MaxAnisotropy:8]]
[2020.07.08-17.58.39:823][  0]LogConfig: Setting CVar [[r.Streaming.LimitPoolSizeToVRAM:0]]
[2020.07.08-17.58.39:823][  0]LogConfig: Setting CVar [[r.Streaming.PoolSize:1000]]
[2020.07.08-17.58.39:823][  0]LogConfig: Setting CVar [[r.Streaming.MaxEffectiveScreenSize:0]]
[2020.07.08-17.58.39:823][  0]LogConfig: Applying CVar settings from Section [EffectsQuality@3] File [Z:/Untrustable/untrustables/Saved/Config/Windows/Scalability.ini]
[2020.07.08-17.58.39:823][  0]LogConfig: Setting CVar [[r.TranslucencyLightingVolumeDim:64]]
[2020.07.08-17.58.39:823][  0]LogConfig: Setting CVar [[r.RefractionQuality:2]]
[2020.07.08-17.58.39:823][  0]LogConfig: Setting CVar [[r.SSR.Quality:3]]
[2020.07.08-17.58.39:823][  0]LogConfig: Setting CVar [[r.SSR.HalfResSceneColor:0]]
[2020.07.08-17.58.39:823][  0]LogConfig: Setting CVar [[r.SceneColorFormat:4]]
[2020.07.08-17.58.39:823][  0]LogConfig: Setting CVar [[r.DetailMode:2]]
[2020.07.08-17.58.39:823][  0]LogConfig: Setting CVar [[r.TranslucencyVolumeBlur:1]]
[2020.07.08-17.58.39:823][  0]LogConfig: Setting CVar [[r.MaterialQualityLevel:1 ; High quality]]
[2020.07.08-17.58.39:823][  0]LogConfig: Setting CVar [[r.SSS.Scale:1]]
[2020.07.08-17.58.39:823][  0]LogConfig: Setting CVar [[r.SSS.SampleSet:2]]
[2020.07.08-17.58.39:823][  0]LogConfig: Setting CVar [[r.SSS.Quality:1]]
[2020.07.08-17.58.39:823][  0]LogConfig: Setting CVar [[r.SSS.HalfRes:0]]
[2020.07.08-17.58.39:823][  0]LogConfig: Setting CVar [[r.SSGI.Quality:3]]
[2020.07.08-17.58.39:823][  0]LogConfig: Setting CVar [[r.EmitterSpawnRateScale:1.0]]
[2020.07.08-17.58.39:823][  0]LogConfig: Setting CVar [[r.ParticleLightQuality:2]]
[2020.07.08-17.58.39:823][  0]LogConfig: Setting CVar [[r.SkyAtmosphere.AerialPerspectiveLUT.FastApplyOnOpaque:1 ; Always have FastSkyLUT 1 in this case to avoid wrong sky]]
[2020.07.08-17.58.39:823][  0]LogConfig: Setting CVar [[r.SkyAtmosphere.AerialPerspectiveLUT.SampleCountPerSlice:1]]
[2020.07.08-17.58.39:823][  0]LogConfig: Setting CVar [[r.SkyAtmosphere.AerialPerspectiveLUT.DepthResolution:16.0]]
[2020.07.08-17.58.39:823][  0]LogConfig: Setting CVar [[r.SkyAtmosphere.FastSkyLUT:1]]
[2020.07.08-17.58.39:823][  0]LogConfig: Setting CVar [[r.SkyAtmosphere.FastSkyLUT.SampleCountMin:4.0]]
[2020.07.08-17.58.39:823][  0]LogConfig: Setting CVar [[r.SkyAtmosphere.FastSkyLUT.SampleCountMax:32.0]]
[2020.07.08-17.58.39:823][  0]LogConfig: Setting CVar [[r.SkyAtmosphere.SampleCountMin:4.0]]
[2020.07.08-17.58.39:823][  0]LogConfig: Setting CVar [[r.SkyAtmosphere.SampleCountMax:32.0]]
[2020.07.08-17.58.39:823][  0]LogConfig: Setting CVar [[r.SkyAtmosphere.TransmittanceLUT.UseSmallFormat:0]]
[2020.07.08-17.58.39:823][  0]LogConfig: Setting CVar [[r.SkyAtmosphere.TransmittanceLUT.SampleCount:10.0]]
[2020.07.08-17.58.39:823][  0]LogConfig: Setting CVar [[r.SkyAtmosphere.MultiScatteringLUT.SampleCount:15.0]]
[2020.07.08-17.58.39:823][  0]LogConfig: Applying CVar settings from Section [FoliageQuality@3] File [Z:/Untrustable/untrustables/Saved/Config/Windows/Scalability.ini]
[2020.07.08-17.58.39:823][  0]LogConfig: Setting CVar [[foliage.DensityScale:1.0]]
[2020.07.08-17.58.39:823][  0]LogConfig: Setting CVar [[grass.DensityScale:1.0]]
[2020.07.08-17.58.39:823][  0]LogConfig: Applying CVar settings from Section [ShadingQuality@3] File [Z:/Untrustable/untrustables/Saved/Config/Windows/Scalability.ini]
[2020.07.08-17.58.39:823][  0]LogConfig: Setting CVar [[r.HairStrands.SkyLighting.SampleCount:16]]
[2020.07.08-17.58.39:823][  0]LogConfig: Setting CVar [[r.HairStrands.SkyLighting.JitterIntegration:0]]
[2020.07.08-17.58.39:823][  0]LogConfig: Setting CVar [[r.HairStrands.SkyAO.SampleCount:16]]
[2020.07.08-17.58.39:823][  0]LogConfig: Setting CVar [[r.HairStrands.DeepShadow.SuperSampling:0]]
[2020.07.08-17.58.39:823][  0]LogConfig: Setting CVar [[r.HairStrands.VisibilityPPLL:0]]
[2020.07.08-17.58.39:823][  0]LogConfig: Setting CVar [[r.HairStrands.RasterizationScale:0.5]]
[2020.07.08-17.58.39:823][  0]LogConfig: Setting CVar [[r.HairStrands.VelocityRasterizationScale:1]]
[2020.07.08-17.58.39:823][  0]LogInit: Selected Device Profile: [Windows]
[2020.07.08-17.58.39:823][  0]LogInit: Applying CVar settings loaded from the selected device profile: [Windows]
[2020.07.08-17.58.39:823][  0]LogHAL: Display: Platform has ~ 16 GB [17106059264 / 17179869184 / 16], which maps to Larger [LargestMinGB=32, LargerMinGB=12, DefaultMinGB=8, SmallerMinGB=6, SmallestMinGB=0)
[2020.07.08-17.58.39:823][  0]LogInit: Going up to parent DeviceProfile []
[2020.07.08-17.58.39:823][  0]LogConfig: Applying CVar settings from Section [ViewDistanceQuality@Cine] File [Z:/Untrustable/untrustables/Saved/Config/Windows/Scalability.ini]
[2020.07.08-17.58.39:823][  0]LogConfig: Setting CVar [[r.SkeletalMeshLODBias:0]]
[2020.07.08-17.58.39:823][  0]LogConfig: Setting CVar [[r.ViewDistanceScale:10.0]]
[2020.07.08-17.58.39:823][  0]LogConfig: Applying CVar settings from Section [AntiAliasingQuality@Cine] File [Z:/Untrustable/untrustables/Saved/Config/Windows/Scalability.ini]
[2020.07.08-17.58.39:823][  0]LogConfig: Setting CVar [[r.PostProcessAAQuality:6]]
[2020.07.08-17.58.39:823][  0]LogConfig: Applying CVar settings from Section [ShadowQuality@Cine] File [Z:/Untrustable/untrustables/Saved/Config/Windows/Scalability.ini]
[2020.07.08-17.58.39:823][  0]LogConfig: Setting CVar [[r.LightFunctionQuality:1]]
[2020.07.08-17.58.39:823][  0]LogConfig: Setting CVar [[r.ShadowQuality:5]]
[2020.07.08-17.58.39:823][  0]LogConfig: Setting CVar [[r.Shadow.CSM.MaxCascades:10]]
[2020.07.08-17.58.39:823][  0]LogConfig: Setting CVar [[r.Shadow.MaxResolution:4096]]
[2020.07.08-17.58.39:823][  0]LogConfig: Setting CVar [[r.Shadow.MaxCSMResolution:4096]]
[2020.07.08-17.58.39:823][  0]LogConfig: Setting CVar [[r.Shadow.RadiusThreshold:0]]
[2020.07.08-17.58.39:823][  0]LogConfig: Setting CVar [[r.Shadow.DistanceScale:1.0]]
[2020.07.08-17.58.39:823][  0]LogConfig: Setting CVar [[r.Shadow.CSM.TransitionScale:1.0]]
[2020.07.08-17.58.39:823][  0]LogConfig: Setting CVar [[r.Shadow.PreShadowResolutionFactor:1.0]]
[2020.07.08-17.58.39:824][  0]LogConfig: Setting CVar [[r.DistanceFieldShadowing:1]]
[2020.07.08-17.58.39:824][  0]LogConfig: Setting CVar [[r.DistanceFieldAO:1]]
[2020.07.08-17.58.39:824][  0]LogConfig: Setting CVar [[r.AOQuality:2]]
[2020.07.08-17.58.39:824][  0]LogConfig: Setting CVar [[r.VolumetricFog:1]]
[2020.07.08-17.58.39:824][  0]LogConfig: Setting CVar [[r.VolumetricFog.GridPixelSize:4]]
[2020.07.08-17.58.39:824][  0]LogConfig: Setting CVar [[r.VolumetricFog.GridSizeZ:128]]
[2020.07.08-17.58.39:824][  0]LogConfig: Setting CVar [[r.VolumetricFog.HistoryMissSupersampleCount:16]]
[2020.07.08-17.58.39:824][  0]LogConfig: Setting CVar [[r.LightMaxDrawDistanceScale:1]]
[2020.07.08-17.58.39:824][  0]LogConfig: Setting CVar [[r.CapsuleShadows:1]]
[2020.07.08-17.58.39:824][  0]LogConfig: Applying CVar settings from Section [PostProcessQuality@Cine] File [Z:/Untrustable/untrustables/Saved/Config/Windows/Scalability.ini]
[2020.07.08-17.58.39:824][  0]LogConfig: Setting CVar [[r.MotionBlurQuality:4]]
[2020.07.08-17.58.39:824][  0]LogConfig: Setting CVar [[r.AmbientOcclusionMipLevelFactor:0.4]]
[2020.07.08-17.58.39:824][  0]LogConfig: Setting CVar [[r.AmbientOcclusionMaxQuality:100]]
[2020.07.08-17.58.39:824][  0]LogConfig: Setting CVar [[r.AmbientOcclusionLevels:-1]]
[2020.07.08-17.58.39:824][  0]LogConfig: Setting CVar [[r.AmbientOcclusionRadiusScale:1.0]]
[2020.07.08-17.58.39:824][  0]LogConfig: Setting CVar [[r.DepthOfFieldQuality:4]]
[2020.07.08-17.58.39:824][  0]LogConfig: Setting CVar [[r.RenderTargetPoolMin:1000]]
[2020.07.08-17.58.39:824][  0]LogConfig: Setting CVar [[r.LensFlareQuality:3]]
[2020.07.08-17.58.39:824][  0]LogConfig: Setting CVar [[r.SceneColorFringeQuality:1]]
[2020.07.08-17.58.39:824][  0]LogConfig: Setting CVar [[r.EyeAdaptationQuality:2]]
[2020.07.08-17.58.39:824][  0]LogConfig: Setting CVar [[r.BloomQuality:5]]
[2020.07.08-17.58.39:824][  0]LogConfig: Setting CVar [[r.FastBlurThreshold:100]]
[2020.07.08-17.58.39:824][  0]LogConfig: Setting CVar [[r.Upscale.Quality:3]]
[2020.07.08-17.58.39:824][  0]LogConfig: Setting CVar [[r.Tonemapper.GrainQuantization:1]]
[2020.07.08-17.58.39:824][  0]LogConfig: Setting CVar [[r.LightShaftQuality:1]]
[2020.07.08-17.58.39:824][  0]LogConfig: Setting CVar [[r.Filter.SizeScale:1]]
[2020.07.08-17.58.39:824][  0]LogConfig: Setting CVar [[r.Tonemapper.Quality:5]]
[2020.07.08-17.58.39:824][  0]LogConfig: Setting CVar [[r.DOF.Gather.AccumulatorQuality:1        ; higher gathering accumulator quality]]
[2020.07.08-17.58.39:824][  0]LogConfig: Setting CVar [[r.DOF.Gather.PostfilterMethod:1          ; Median3x3 postfilering method]]
[2020.07.08-17.58.39:824][  0]LogConfig: Setting CVar [[r.DOF.Gather.EnableBokehSettings:1       ; bokeh simulation when gathering]]
[2020.07.08-17.58.39:824][  0]LogConfig: Setting CVar [[r.DOF.Gather.RingCount:5                 ; high number of samples when gathering]]
[2020.07.08-17.58.39:824][  0]LogConfig: Setting CVar [[r.DOF.Scatter.ForegroundCompositing:1    ; additive foreground scattering]]
[2020.07.08-17.58.39:824][  0]LogConfig: Setting CVar [[r.DOF.Scatter.BackgroundCompositing:2    ; background scattering occlusion]]
[2020.07.08-17.58.39:824][  0]LogConfig: Setting CVar [[r.DOF.Scatter.EnableBokehSettings:1      ; no bokeh simulation when scattering]]
[2020.07.08-17.58.39:824][  0]LogConfig: Setting CVar [[r.DOF.Scatter.MaxSpriteRatio:0.25        ; only a maximum of 10% of scattered bokeh]]
[2020.07.08-17.58.39:824][  0]LogConfig: Setting CVar [[r.DOF.Recombine.Quality:2                ; highest slight out of focus]]
[2020.07.08-17.58.39:824][  0]LogConfig: Setting CVar [[r.DOF.Recombine.EnableBokehSettings:1    ; bokeh simulation on slight out of focus]]
[2020.07.08-17.58.39:824][  0]LogConfig: Setting CVar [[r.DOF.TemporalAAQuality:1                ; more stable temporal accumulation]]
[2020.07.08-17.58.39:824][  0]LogConfig: Setting CVar [[r.DOF.Kernel.MaxForegroundRadius:0.025]]
[2020.07.08-17.58.39:824][  0]LogConfig: Setting CVar [[r.DOF.Kernel.MaxBackgroundRadius:0.025]]
[2020.07.08-17.58.39:824][  0]LogConfig: Applying CVar settings from Section [TextureQuality@Cine] File [Z:/Untrustable/untrustables/Saved/Config/Windows/Scalability.ini]
[2020.07.08-17.58.39:824][  0]LogConfig: Setting CVar [[r.Streaming.MipBias:0]]
[2020.07.08-17.58.39:824][  0]LogConfig: Setting CVar [[r.Streaming.AmortizeCPUToGPUCopy:0]]
[2020.07.08-17.58.39:824][  0]LogConfig: Setting CVar [[r.Streaming.MaxNumTexturesToStreamPerFrame:0]]
[2020.07.08-17.58.39:824][  0]LogConfig: Setting CVar [[r.Streaming.Boost:1]]
[2020.07.08-17.58.39:824][  0]LogConfig: Setting CVar [[r.MaxAnisotropy:8]]
[2020.07.08-17.58.39:824][  0]LogConfig: Setting CVar [[r.VT.MaxAnisotropy:8]]
[2020.07.08-17.58.39:824][  0]LogConfig: Setting CVar [[r.Streaming.LimitPoolSizeToVRAM:0]]
[2020.07.08-17.58.39:824][  0]LogConfig: Setting CVar [[r.Streaming.PoolSize:3000]]
[2020.07.08-17.58.39:824][  0]LogConfig: Setting CVar [[r.Streaming.MaxEffectiveScreenSize:0]]
[2020.07.08-17.58.39:824][  0]LogConfig: Applying CVar settings from Section [EffectsQuality@Cine] File [Z:/Untrustable/untrustables/Saved/Config/Windows/Scalability.ini]
[2020.07.08-17.58.39:824][  0]LogConfig: Setting CVar [[r.TranslucencyLightingVolumeDim:64]]
[2020.07.08-17.58.39:824][  0]LogConfig: Setting CVar [[r.RefractionQuality:2]]
[2020.07.08-17.58.39:824][  0]LogConfig: Setting CVar [[r.SSR.Quality:4]]
[2020.07.08-17.58.39:824][  0]LogConfig: Setting CVar [[r.SSR.HalfResSceneColor:0]]
[2020.07.08-17.58.39:824][  0]LogConfig: Setting CVar [[r.SceneColorFormat:4]]
[2020.07.08-17.58.39:824][  0]LogConfig: Setting CVar [[r.DetailMode:2]]
[2020.07.08-17.58.39:824][  0]LogConfig: Setting CVar [[r.TranslucencyVolumeBlur:1]]
[2020.07.08-17.58.39:824][  0]LogConfig: Setting CVar [[r.MaterialQualityLevel:1 ; High quality]]
[2020.07.08-17.58.39:824][  0]LogConfig: Setting CVar [[r.SSS.Scale:1]]
[2020.07.08-17.58.39:824][  0]LogConfig: Setting CVar [[r.SSS.SampleSet:2]]
[2020.07.08-17.58.39:824][  0]LogConfig: Setting CVar [[r.SSS.Quality:1]]
[2020.07.08-17.58.39:824][  0]LogConfig: Setting CVar [[r.SSS.HalfRes:0]]
[2020.07.08-17.58.39:824][  0]LogConfig: Setting CVar [[r.SSGI.Quality:4]]
[2020.07.08-17.58.39:824][  0]LogConfig: Setting CVar [[r.EmitterSpawnRateScale:1.0]]
[2020.07.08-17.58.39:824][  0]LogConfig: Setting CVar [[r.ParticleLightQuality:2]]
[2020.07.08-17.58.39:824][  0]LogConfig: Setting CVar [[r.SkyAtmosphere.AerialPerspectiveLUT.FastApplyOnOpaque:0]]
[2020.07.08-17.58.39:824][  0]LogConfig: Setting CVar [[r.SkyAtmosphere.AerialPerspectiveLUT.SampleCountPerSlice:2]]
[2020.07.08-17.58.39:824][  0]LogConfig: Setting CVar [[r.SkyAtmosphere.AerialPerspectiveLUT.DepthResolution:32.0]]
[2020.07.08-17.58.39:824][  0]LogConfig: Setting CVar [[r.SkyAtmosphere.FastSkyLUT:0]]
[2020.07.08-17.58.39:824][  0]LogConfig: Setting CVar [[r.SkyAtmosphere.FastSkyLUT.SampleCountMin:4.0]]
[2020.07.08-17.58.39:824][  0]LogConfig: Setting CVar [[r.SkyAtmosphere.FastSkyLUT.SampleCountMax:32.0]]
[2020.07.08-17.58.39:824][  0]LogConfig: Setting CVar [[r.SkyAtmosphere.SampleCountMin:8.0]]
[2020.07.08-17.58.39:824][  0]LogConfig: Setting CVar [[r.SkyAtmosphere.SampleCountMax:32.0]]
[2020.07.08-17.58.39:824][  0]LogConfig: Setting CVar [[r.SkyAtmosphere.TransmittanceLUT.UseSmallFormat:0]]
[2020.07.08-17.58.39:824][  0]LogConfig: Setting CVar [[r.SkyAtmosphere.TransmittanceLUT.SampleCount:30.0]]
[2020.07.08-17.58.39:824][  0]LogConfig: Setting CVar [[r.SkyAtmosphere.MultiScatteringLUT.SampleCount:20.0]]
[2020.07.08-17.58.39:824][  0]LogConfig: Applying CVar settings from Section [FoliageQuality@Cine] File [Z:/Untrustable/untrustables/Saved/Config/Windows/Scalability.ini]
[2020.07.08-17.58.39:824][  0]LogConfig: Setting CVar [[foliage.DensityScale:1.0]]
[2020.07.08-17.58.39:824][  0]LogConfig: Setting CVar [[grass.DensityScale:1.0]]
[2020.07.08-17.58.39:824][  0]LogConfig: Applying CVar settings from Section [ShadingQuality@3] File [Z:/Untrustable/untrustables/Saved/Config/Windows/Scalability.ini]
[2020.07.08-17.58.39:824][  0]LogConfig: Setting CVar [[r.HairStrands.SkyLighting.SampleCount:16]]
[2020.07.08-17.58.39:824][  0]LogConfig: Setting CVar [[r.HairStrands.SkyLighting.JitterIntegration:0]]
[2020.07.08-17.58.39:824][  0]LogConfig: Setting CVar [[r.HairStrands.SkyAO.SampleCount:16]]
[2020.07.08-17.58.39:824][  0]LogConfig: Setting CVar [[r.HairStrands.DeepShadow.SuperSampling:0]]
[2020.07.08-17.58.39:824][  0]LogConfig: Setting CVar [[r.HairStrands.VisibilityPPLL:0]]
[2020.07.08-17.58.39:824][  0]LogConfig: Setting CVar [[r.HairStrands.RasterizationScale:0.5]]
[2020.07.08-17.58.39:824][  0]LogConfig: Setting CVar [[r.HairStrands.VelocityRasterizationScale:1]]
[2020.07.08-17.58.39:824][  0]LogConfig: Applying CVar settings from Section [Startup] File [../../../Engine/Config/ConsoleVariables.ini]
[2020.07.08-17.58.39:825][  0]LogConfig: Setting CVar [[net.UseAdaptiveNetUpdateFrequency:0]]
[2020.07.08-17.58.39:825][  0]LogConfig: Setting CVar [[p.chaos.AllowCreatePhysxBodies:1]]
[2020.07.08-17.58.39:825][  0]LogConfig: Setting CVar [[fx.SkipVectorVMBackendOptimizations:1]]
[2020.07.08-17.58.39:825][  0]LogConfig: Applying CVar settings from Section [ConsoleVariables] File [Z:/Untrustable/untrustables/Saved/Config/Windows/Engine.ini]
[2020.07.08-17.58.39:825][  0]LogInit: Computer: JOEYCOMPUTER
[2020.07.08-17.58.39:825][  0]LogInit: User: joeym
[2020.07.08-17.58.39:825][  0]LogInit: CPU Page size=4096, Cores=4
[2020.07.08-17.58.39:825][  0]LogInit: High frequency timer resolution =10.000000 MHz
[2020.07.08-17.58.39:825][  0]LogMemory: Memory total: Physical=15.9GB (16GB approx)
[2020.07.08-17.58.39:825][  0]LogMemory: Platform Memory Stats for Windows
[2020.07.08-17.58.39:825][  0]LogMemory: Process Physical Memory: 114.93 MB used, 114.94 MB peak
[2020.07.08-17.58.39:825][  0]LogMemory: Process Virtual Memory: 98.54 MB used, 98.54 MB peak
[2020.07.08-17.58.39:825][  0]LogMemory: Physical Memory: 8201.37 MB used,  8112.24 MB free, 16313.61 MB total
[2020.07.08-17.58.39:825][  0]LogMemory: Virtual Memory: 5146.18 MB used,  134212584.00 MB free, 134217728.00 MB total
[2020.07.08-17.58.39:831][  0]LogWindows: WindowsPlatformFeatures enabled
[2020.07.08-17.58.39:865][  0]LogInit: Physics initialised using underlying interface: PhysX
[2020.07.08-17.58.39:865][  0]LogInit: Using OS detected language (nl-NL).
[2020.07.08-17.58.39:866][  0]LogInit: Using OS detected locale (nl-NL).
[2020.07.08-17.58.39:867][  0]LogTextLocalizationManager: No localization for 'nl-NL' exists, so 'en' will be used for the language.
[2020.07.08-17.58.40:017][  0]LogInit: Setting process to per monitor DPI aware
[2020.07.08-17.58.40:056][  0]LogSlate: New Slate User Created.  User Index 0, Is Virtual User: 0
[2020.07.08-17.58.40:056][  0]LogSlate: Slate User Registered.  User Index 0, Is Virtual User: 0
[2020.07.08-17.58.40:250][  0]LogHMD: Failed to initialize OpenVR with code 110
[2020.07.08-17.58.40:250][  0]LogD3D11RHI: D3D11 min allowed feature level: 11_0
[2020.07.08-17.58.40:250][  0]LogD3D11RHI: D3D11 max allowed feature level: 11_0
[2020.07.08-17.58.40:250][  0]LogD3D11RHI: D3D11 adapters:
[2020.07.08-17.58.40:303][  0]LogD3D11RHI:    0. 'NVIDIA GeForce GTX 1080' (Feature Level 11_0)
[2020.07.08-17.58.40:303][  0]LogD3D11RHI:       8079/0/8156 MB DedicatedVideo/DedicatedSystem/SharedSystem, Outputs:2, VendorId:0x10de
[2020.07.08-17.58.40:305][  0]LogD3D11RHI:    1. 'Microsoft Basic Render Driver' (Feature Level 11_0)
[2020.07.08-17.58.40:305][  0]LogD3D11RHI:       0/0/8156 MB DedicatedVideo/DedicatedSystem/SharedSystem, Outputs:0, VendorId:0x1414
[2020.07.08-17.58.40:305][  0]LogD3D11RHI: Chosen D3D11 Adapter: 0
[2020.07.08-17.58.40:312][  0]LogD3D11RHI: Creating new Direct3DDevice
[2020.07.08-17.58.40:312][  0]LogD3D11RHI:     GPU DeviceId: 0x1b80 (for the marketing name, search the web for "GPU Device Id")
[2020.07.08-17.58.40:312][  0]LogWindows: EnumDisplayDevices:
[2020.07.08-17.58.40:312][  0]LogWindows:    0. 'NVIDIA GeForce GTX 1080' (P:1 D:1)
[2020.07.08-17.58.40:313][  0]LogWindows:    1. 'NVIDIA GeForce GTX 1080' (P:0 D:1)
[2020.07.08-17.58.40:313][  0]LogWindows:    2. 'NVIDIA GeForce GTX 1080' (P:0 D:0)
[2020.07.08-17.58.40:313][  0]LogWindows:    3. 'NVIDIA GeForce GTX 1080' (P:0 D:0)
[2020.07.08-17.58.40:313][  0]LogWindows: DebugString: FoundDriverCount:4 
[2020.07.08-17.58.40:313][  0]LogD3D11RHI:     Adapter Name: NVIDIA GeForce GTX 1080
[2020.07.08-17.58.40:313][  0]LogD3D11RHI:   Driver Version: 446.14 (internal:26.21.14.4614, unified:446.14)
[2020.07.08-17.58.40:313][  0]LogD3D11RHI:      Driver Date: 5-15-2020
[2020.07.08-17.58.40:313][  0]LogRHI: Texture pool is 5655 MB (70% of 8079 MB)
[2020.07.08-17.58.40:348][  0]LogD3D11RHI: RHI has support for 64 bit atomics
[2020.07.08-17.58.40:351][  0]LogD3D11RHI: [Aftermath] Enabled and primed
[2020.07.08-17.58.40:351][  0]LogD3D11RHI: Async texture creation enabled
[2020.07.08-17.58.40:351][  0]LogD3D11RHI: Array index from any shader is supported
[2020.07.08-17.58.40:366][  0]LogD3D11RHI: GPU Timing Frequency: 1000.000000 (Debug: 2 1)
[2020.07.08-17.58.40:638][  0]LogTargetPlatformManager: Display: Loaded TargetPlatform 'AllDesktop'
[2020.07.08-17.58.40:657][  0]LogTargetPlatformManager: Display: Loaded TargetPlatform 'Android'
[2020.07.08-17.58.40:657][  0]LogTargetPlatformManager: Display: Loaded TargetPlatform 'Android_ASTC'
[2020.07.08-17.58.40:657][  0]LogTargetPlatformManager: Display: Loaded TargetPlatform 'Android_DXT'
[2020.07.08-17.58.40:657][  0]LogTargetPlatformManager: Display: Loaded TargetPlatform 'Android_ETC2'
[2020.07.08-17.58.40:657][  0]LogTargetPlatformManager: Display: Loaded TargetPlatform 'AndroidClient'
[2020.07.08-17.58.40:657][  0]LogTargetPlatformManager: Display: Loaded TargetPlatform 'Android_ASTCClient'
[2020.07.08-17.58.40:657][  0]LogTargetPlatformManager: Display: Loaded TargetPlatform 'Android_DXTClient'
[2020.07.08-17.58.40:657][  0]LogTargetPlatformManager: Display: Loaded TargetPlatform 'Android_ETC2Client'
[2020.07.08-17.58.40:657][  0]LogTargetPlatformManager: Display: Loaded TargetPlatform 'Android_Multi'
[2020.07.08-17.58.40:657][  0]LogTargetPlatformManager: Display: Loaded TargetPlatform 'Android_MultiClient'
[2020.07.08-17.58.40:676][  0]LogTargetPlatformManager: Display: Loaded TargetPlatform 'IOSClient'
[2020.07.08-17.58.40:676][  0]LogTargetPlatformManager: Display: Loaded TargetPlatform 'IOS'
[2020.07.08-17.58.40:685][  0]LogTargetPlatformManager: Display: Loaded TargetPlatform 'Linux'
[2020.07.08-17.58.40:694][  0]LogTargetPlatformManager: Display: Loaded TargetPlatform 'LinuxNoEditor'
[2020.07.08-17.58.40:701][  0]LogTargetPlatformManager: Display: Loaded TargetPlatform 'LinuxClient'
[2020.07.08-17.58.40:709][  0]LogTargetPlatformManager: Display: Loaded TargetPlatform 'LinuxServer'
[2020.07.08-17.58.40:717][  0]LogTargetPlatformManager: Display: Loaded TargetPlatform 'LinuxAArch64NoEditor'
[2020.07.08-17.58.40:725][  0]LogTargetPlatformManager: Display: Loaded TargetPlatform 'LinuxAArch64Client'
[2020.07.08-17.58.40:733][  0]LogTargetPlatformManager: Display: Loaded TargetPlatform 'LinuxAArch64Server'
[2020.07.08-17.58.40:755][  0]LogTargetPlatformManager: Display: Loaded TargetPlatform 'Lumin'
[2020.07.08-17.58.40:755][  0]LogTargetPlatformManager: Display: Loaded TargetPlatform 'LuminClient'
[2020.07.08-17.58.40:767][  0]LogTargetPlatformManager: Display: Loaded TargetPlatform 'TVOSClient'
[2020.07.08-17.58.40:767][  0]LogTargetPlatformManager: Display: Loaded TargetPlatform 'TVOS'
[2020.07.08-17.58.40:775][  0]LogTargetPlatformManager: Display: Loaded TargetPlatform 'WindowsNoEditor'
[2020.07.08-17.58.40:783][  0]LogTargetPlatformManager: Display: Loaded TargetPlatform 'Windows'
[2020.07.08-17.58.40:791][  0]LogTargetPlatformManager: Display: Loaded TargetPlatform 'WindowsClient'
[2020.07.08-17.58.40:799][  0]LogTargetPlatformManager: Display: Loaded TargetPlatform 'WindowsServer'
[2020.07.08-17.58.40:799][  0]LogTargetPlatformManager: Display: Building Assets For Windows
[2020.07.08-17.58.40:807][  0]LogAudioDebug: Display: Lib vorbis DLL was dynamically loaded.
[2020.07.08-17.58.40:864][  0]LogShaderCompilers: Guid format shader working directory is 18 characters bigger than the processId version (Z:/Untrustable/untrustables/Intermediate/Shaders/WorkingDirectory/18660/).
[2020.07.08-17.58.40:864][  0]LogShaderCompilers: Cleaned the shader compiler working directory 'C:/Users/joeym/AppData/Local/Temp/UnrealShaderWorkingDir/FF58134C41B55B35350ABDAEE30E8DED/'.
[2020.07.08-17.58.40:865][  0]LogXGEController: Cleaning working directory: C:/Users/joeym/AppData/Local/Temp/UnrealXGEWorkingDir/
[2020.07.08-17.58.40:865][  0]LogXGEController: Cannot use XGE Controller as Incredibuild is not installed on this machine.
[2020.07.08-17.58.40:865][  0]LogShaderCompilers: Cannot use XGE Shader Compiler as Incredibuild is not installed on this machine.
[2020.07.08-17.58.40:865][  0]LogShaderCompilers: Display: Using Local Shader Compiler.
[2020.07.08-17.58.41:546][  0]LogDerivedDataCache: Display: Max Cache Size: 512 MB
[2020.07.08-17.58.41:609][  0]LogDerivedDataCache: Loaded boot cache 0.06s 104MB C:/Users/joeym/AppData/Local/UnrealEngine/4.25/DerivedDataCache/Boot.ddc.
[2020.07.08-17.58.41:610][  0]LogDerivedDataCache: Display: Loaded Boot cache: C:/Users/joeym/AppData/Local/UnrealEngine/4.25/DerivedDataCache/Boot.ddc
[2020.07.08-17.58.41:610][  0]LogDerivedDataCache: FDerivedDataBackendGraph:  Pak pak cache file Z:/Untrustable/untrustables/DerivedDataCache/DDC.ddp not found, will not use a pak cache.
[2020.07.08-17.58.41:610][  0]LogDerivedDataCache: Unable to find inner node Pak for hierarchical cache Hierarchy.
[2020.07.08-17.58.41:610][  0]LogDerivedDataCache: FDerivedDataBackendGraph:  CompressedPak pak cache file Z:/Untrustable/untrustables/DerivedDataCache/Compressed.ddp not found, will not use a pak cache.
[2020.07.08-17.58.41:610][  0]LogDerivedDataCache: Unable to find inner node CompressedPak for hierarchical cache Hierarchy.
[2020.07.08-17.58.41:618][  0]LogDerivedDataCache: Display: Pak cache opened for reading ../../../Engine/DerivedDataCache/Compressed.ddp.
[2020.07.08-17.58.41:618][  0]LogDerivedDataCache: FDerivedDataBackendGraph:  EnterprisePak pak cache file ../../../Enterprise/DerivedDataCache/Compressed.ddp not found, will not use a pak cache.
[2020.07.08-17.58.41:618][  0]LogDerivedDataCache: Unable to find inner node EnterprisePak for hierarchical cache Hierarchy.
[2020.07.08-17.58.41:619][  0]LogDerivedDataCache: Using Local data cache path C:/Users/joeym/AppData/Local/UnrealEngine/Common/DerivedDataCache: Writable
[2020.07.08-17.58.41:619][  0]LogDerivedDataCache: Shared data cache path not found in *engine.ini, will not use an Shared cache.
[2020.07.08-17.58.41:619][  0]LogDerivedDataCache: Unable to find inner node Shared for hierarchical cache Hierarchy.
[2020.07.08-17.58.41:672][  0]LogSlate: Using FreeType 2.10.0
[2020.07.08-17.58.41:672][  0]LogSlate: SlateFontServices - WITH_FREETYPE: 1, WITH_HARFBUZZ: 1
[2020.07.08-17.58.41:698][  0]LogAssetRegistry: FAssetRegistry took 0.0028 seconds to start up
[2020.07.08-17.58.41:897][  0]LogInit: Selected Device Profile: [Windows]
[2020.07.08-17.58.41:999][  0]LogMeshReduction: Using QuadricMeshReduction for automatic static mesh reduction
[2020.07.08-17.58.41:999][  0]LogMeshReduction: Using SimplygonMeshReduction for automatic skeletal mesh reduction
[2020.07.08-17.58.41:999][  0]LogMeshReduction: Using ProxyLODMeshReduction for automatic mesh merging
[2020.07.08-17.58.41:999][  0]LogMeshReduction: No distributed automatic mesh merging module available
[2020.07.08-17.58.41:999][  0]LogMeshMerging: No distributed automatic mesh merging module available
[2020.07.08-17.58.42:013][  0]LogNetVersion: Untrustable 1.0.0, NetCL: 13144385, EngineNetVer: 14, GameNetVer: 0 (Checksum: 2953087058)
[2020.07.08-17.58.42:393][  0]LogAISub: UAISubsystem::UAISubsystem AISubsystem (00000229D8D1A1C0), frame # 0
[2020.07.08-17.58.42:393][  0]LogAISub: UAISubsystem::UAISubsystem AIPerceptionSystem (00000229D8CC0180), frame # 0
[2020.07.08-17.58.42:394][  0]LogAISub: UAISubsystem::UAISubsystem EnvQueryManager (00000229D8D0CA00), frame # 0
[2020.07.08-17.58.42:434][  0]LogPackageLocalizationCache: Processed 19 localized package path(s) for 1 prioritized culture(s) in 0.034912 seconds
[2020.07.08-17.58.42:439][  0]LogUObjectArray: 15917 objects as part of root set at end of initial load.
[2020.07.08-17.58.42:439][  0]LogUObjectAllocator: 3965568 out of 0 bytes used by permanent object pool.
[2020.07.08-17.58.42:439][  0]LogUObjectArray: CloseDisregardForGC: 0/0 objects in disregard for GC pool
[2020.07.08-17.58.42:744][  0]LogTcpMessaging: Initializing TcpMessaging bridge
[2020.07.08-17.58.42:748][  0]LogUdpMessaging: Initializing bridge on interface 0.0.0.0:0 to multicast group 230.0.0.1:6666.
[2020.07.08-17.58.42:780][  0]LogSteamShared: Display: Loading Steam SDK 1.47
[2020.07.08-17.58.42:781][  0]LogSteamShared: Steam SDK Loaded!
[2020.07.08-17.58.42:835][  0]SourceControl: Source control is disabled
[2020.07.08-17.58.42:835][  0]SourceControl: Source control is disabled
[2020.07.08-17.58.42:838][  0]SourceControl: Source control is disabled
[2020.07.08-17.58.42:841][  0]SourceControl: Source control is disabled
[2020.07.08-17.58.42:847][  0]SourceControl: Source control is disabled
[2020.07.08-17.58.43:063][  0]LogAndroidPermission: UAndroidPermissionCallbackProxy::GetInstance
[2020.07.08-17.58.43:081][  0]LogAudioCaptureCore: Display: No Audio Capture implementations found. Audio input will be silent.
[2020.07.08-17.58.43:081][  0]LogAudioCaptureCore: Display: No Audio Capture implementations found. Audio input will be silent.
[2020.07.08-17.58.43:127][  0]LogOcInput: OculusInput pre-init called
[2020.07.08-17.58.43:136][  0]LogWindows: Failed to load 'OVRPlugin.dll' (GetLastError=126)
[2020.07.08-17.58.43:136][  0]LogWindows: File 'OVRPlugin.dll' does not exist
[2020.07.08-17.58.43:190][  0]LogEngine: Initializing Engine...
[2020.07.08-17.58.43:191][  0]LogHMD: Failed to initialize OpenVR with code 110
[2020.07.08-17.58.43:191][  0]LogMagicLeap: Warning: VR disabled because ZI is not enabled.  To enable, in the editor, Edit -> Project Settings -> Plugins -> Magic Leap Plugin -> Enable Zero Iteration
[2020.07.08-17.58.43:192][  0]LogStats: UGameplayTagsManager::InitializeManager -  0.000 s
[2020.07.08-17.58.43:301][  0]LogInit: Initializing FReadOnlyCVARCache
[2020.07.08-17.58.43:308][  0]LogAIModule: Creating AISystem for world Untitled
[2020.07.08-17.58.43:308][  0]LogAISub: UAISubsystem::UAISubsystem EnvQueryManager (00000229DCAACA00), frame # 0
[2020.07.08-17.58.43:308][  0]LogAISub: UAISubsystem::UAISubsystem AIPerceptionSystem (00000229DCACD6C0), frame # 0
[2020.07.08-17.58.43:326][  0]LogAudioMixer: Display: Audio Mixer Platform Settings:
[2020.07.08-17.58.43:326][  0]LogAudioMixer: Display: 	Sample Rate:						  48000
[2020.07.08-17.58.43:326][  0]LogAudioMixer: Display: 	Callback Buffer Frame Size Requested: 1024
[2020.07.08-17.58.43:326][  0]LogAudioMixer: Display: 	Callback Buffer Frame Size To Use:	  1024
[2020.07.08-17.58.43:326][  0]LogAudioMixer: Display: 	Number of buffers to queue:			  2
[2020.07.08-17.58.43:326][  0]LogAudioMixer: Display: 	Max Channels (voices):				  32
[2020.07.08-17.58.43:326][  0]LogAudioMixer: Display: 	Number of Async Source Workers:		  0
[2020.07.08-17.58.43:326][  0]LogAudio: Display: AudioDevice MaxSources: 32
[2020.07.08-17.58.43:326][  0]LogAudio: Display: Using built-in audio occlusion.
[2020.07.08-17.58.43:326][  0]LogAudioMixer: Display: Initializing audio mixer.
[2020.07.08-17.58.43:341][  0]LogAudioMixer: Display: 0: FrontLeft
[2020.07.08-17.58.43:341][  0]LogAudioMixer: Display: 1: FrontRight
[2020.07.08-17.58.43:397][  0]LogAudioMixer: Display: Using Audio Device Hoofdtelefoon (3- Arctis 7 Game)
[2020.07.08-17.58.43:400][  0]LogAudioMixer: Display: Initializing Sound Submixes...
[2020.07.08-17.58.43:402][  0]LogAudioMixer: Display: Creating Master Submix 'MasterSubmixDefault'
[2020.07.08-17.58.43:402][  0]LogAudioMixer: Display: Creating Master Submix 'MasterReverbSubmixDefault'
[2020.07.08-17.58.43:403][  0]LogAudioMixer: Display: Creating Master Submix 'MasterEQSubmixDefault'
[2020.07.08-17.58.43:403][  0]LogInit: FAudioDevice initialized.
[2020.07.08-17.58.43:404][  0]LogNetVersion: Set ProjectVersion to 1.0.0.0. Version Checksum will be recalculated on next use.
[2020.07.08-17.58.43:461][  0]LogDerivedDataCache: Saved boot cache 0.06s 104MB C:/Users/joeym/AppData/Local/UnrealEngine/4.25/DerivedDataCache/Boot.ddc.
[2020.07.08-17.58.43:466][  0]LogInit: Texture streaming: Enabled
[2020.07.08-17.58.43:480][  0]LogEngineSessionManager: EngineSessionManager initialized
[2020.07.08-17.58.43:480][  0]LogEngineSessionManager: EngineSessionManager sent abnormal shutdown report. Type=Crashed, SessionId={D8178318-4F72-89FB-49E8-B7A04960402D}
[2020.07.08-17.58.43:480][  0]LogEditorSessionSummary: Verbose: Initializing EditorSessionSummaryWriter for editor session tracking
[2020.07.08-17.58.43:481][  0]LogEditorSessionSummary: EditorSessionSummaryWriter initialized
[2020.07.08-17.58.43:528][  0]LogInit: Transaction tracking system initialized
[2020.07.08-17.58.43:549][  0]BlueprintLog: New page: Editor Load
[2020.07.08-17.58.43:612][  0]LocalizationService: Localization service is disabled
[2020.07.08-17.58.43:756][  0]LogCook: Display: Max memory allowance for cook 16384mb min free memory 0mb
[2020.07.08-17.58.43:756][  0]LogCook: Display: Mobile HDR setting 1
[2020.07.08-17.58.43:873][  0]LogFileCache: Scanning file cache for directory 'Z:/Untrustable/untrustables/Content/' took 0.00s
[2020.07.08-17.58.44:065][  0]SourceControl: Source control is disabled
[2020.07.08-17.58.44:065][  0]LogUnrealEdMisc: Loading editor; pre map load, took 6.016
[2020.07.08-17.58.44:065][  0]Cmd: MAP LOAD FILE="Z:/Untrustable/untrustables/Content/level.umap" TEMPLATE=0 SHOWPROGRESS=1 FEATURELEVEL=3
[2020.07.08-17.58.44:066][  0]LightingResults: New page: Lighting Build
[2020.07.08-17.58.44:066][  0]LogWorld: UWorld::CleanupWorld for Untitled, bSessionEnded=true, bCleanupResources=true
[2020.07.08-17.58.44:066][  0]LogSlate: InvalidateAllWidgets triggered.  All widgets were invalidated
[2020.07.08-17.58.44:066][  0]MapCheck: New page: Map Check
[2020.07.08-17.58.44:066][  0]LightingResults: New page: Lighting Build
[2020.07.08-17.58.44:074][  0]LogAISub: UAISubsystem::~UAISubsystem EnvQueryManager (00000229DCAACA00), frame # 0
[2020.07.08-17.58.44:074][  0]LogAISub: UAISubsystem::~UAISubsystem AIPerceptionSystem (00000229DCACD6C0), frame # 0
[2020.07.08-17.58.44:074][  0]LogUObjectHash: Compacting FUObjectHashTables data took   0.53ms
[2020.07.08-17.58.44:216][  0]LogAIModule: Creating AISystem for world level
[2020.07.08-17.58.44:216][  0]LogAISub: UAISubsystem::UAISubsystem EnvQueryManager (00000229C5EBFE00), frame # 0
[2020.07.08-17.58.44:216][  0]LogAISub: UAISubsystem::UAISubsystem AIPerceptionSystem (00000229CD057880), frame # 0
[2020.07.08-17.58.44:227][  0]LogEditorServer: Finished looking for orphan Actors (0.000 secs)
[2020.07.08-17.58.44:237][  0]LogUObjectHash: Compacting FUObjectHashTables data took   0.68ms
[2020.07.08-17.58.44:237][  0]Cmd: MAP CHECKDEP NOCLEARLOG
[2020.07.08-17.58.44:237][  0]MapCheck: Map check complete: 0 Error(s), 0 Warning(s), took 0,078ms to complete.
[2020.07.08-17.58.44:237][  0]LogFileHelpers: Loading map 'level' took 0.173
[2020.07.08-17.58.44:239][  0]LogUnrealEdMisc: Total Editor Startup Time, took 6.190
[2020.07.08-17.58.44:351][  0]LogSlate: Updating window title bar state: overlay mode, drag disabled, window buttons hidden, title bar hidden
[2020.07.08-17.58.44:357][  0]LogSlate: Updating window title bar state: overlay mode, drag disabled, window buttons hidden, title bar hidden
[2020.07.08-17.58.44:362][  0]LogSlate: Updating window title bar state: overlay mode, drag disabled, window buttons hidden, title bar hidden
[2020.07.08-17.58.44:368][  0]LogSlate: Updating window title bar state: overlay mode, drag disabled, window buttons hidden, title bar hidden
[2020.07.08-17.58.44:373][  0]LogCollectionManager: Loaded 0 collections in 0.000637 seconds
[2020.07.08-17.58.44:384][  0]LogFileCache: Scanning file cache for directory 'Z:/Untrustable/untrustables/Saved/Collections/' took 0.00s
[2020.07.08-17.58.44:384][  0]LogFileCache: Scanning file cache for directory 'Z:/Untrustable/untrustables/Content/Developers/joeym/Collections/' took 0.00s
[2020.07.08-17.58.44:384][  0]LogFileCache: Scanning file cache for directory 'Z:/Untrustable/untrustables/Content/Collections/' took 0.00s
[2020.07.08-17.58.44:384][  0]LogContentBrowser: Native class hierarchy populated in 0.0077 seconds. Added 3452 classes and 830 folders.
[2020.07.08-17.58.44:387][  0]LogContentBrowser: Native class hierarchy updated for 'WidgetCarousel' in 0.0002 seconds. Added 0 classes and 0 folders.
[2020.07.08-17.58.44:450][  0]LogContentBrowser: Native class hierarchy updated for 'AddContentDialog' in 0.0003 seconds. Added 0 classes and 0 folders.
[2020.07.08-17.58.44:451][  0]LogContentBrowser: Native class hierarchy updated for 'SceneOutliner' in 0.0002 seconds. Added 2 classes and 0 folders.
[2020.07.08-17.58.44:475][  0]LogSlate: Took 0.000235 seconds to synchronously load lazily loaded font '../../../Engine/Content/Slate/Fonts/Roboto-Regular.ttf' (155K)
[2020.07.08-17.58.44:477][  0]LogSlate: Took 0.000193 seconds to synchronously load lazily loaded font '../../../Engine/Content/Slate/Fonts/Roboto-Bold.ttf' (160K)
[2020.07.08-17.58.44:481][  0]LogSlate: Took 0.000213 seconds to synchronously load lazily loaded font '../../../Engine/Content/Editor/Slate/Fonts/FontAwesome.ttf' (139K)
[2020.07.08-17.58.44:542][  0]LogRenderer: Reallocating scene render targets to support 1208x572 Format 10 NumSamples 1 (Frame:1).
[2020.07.08-17.58.44:580][  0]LogSlate: Took 0.000126 seconds to synchronously load lazily loaded font '../../../Engine/Content/Slate/Fonts/Roboto-Light.ttf' (167K)
[2020.07.08-17.58.44:629][  0]LogContentBrowser: Native class hierarchy updated for 'HierarchicalLODOutliner' in 0.0002 seconds. Added 0 classes and 0 folders.
[2020.07.08-17.58.44:629][  0]LogLoad: (Engine Initialization) Total time: 6.58 seconds
[2020.07.08-17.58.44:629][  0]LogLoad: (Engine Initialization) Total Blueprint compile time: 0.00 seconds
[2020.07.08-17.58.44:662][  0]LogAssetRegistry: Asset discovery search completed in 2.9646 seconds
[2020.07.08-17.58.44:665][  0]LogCollectionManager: Fixed up redirectors for 0 collections in 0.000002 seconds (updated 0 objects)
[2020.07.08-17.58.44:666][  0]LogContentStreaming: Texture pool size now 3000 MB
[2020.07.08-17.58.45:659][114]LogSlate: Took 0.000227 seconds to synchronously load lazily loaded font '../../../Engine/Content/Slate/Fonts/Roboto-Light.ttf' (167K)
[2020.07.08-17.58.47:553][308]LogAssetEditorSubsystem: Opening Asset editor for Blueprint /Game/gameReleted/myGamemode.myGamemode
[2020.07.08-17.58.47:714][308]LogContentBrowser: Native class hierarchy updated for 'BlueprintGraph' in 0.0005 seconds. Added 125 classes and 0 folders.
[2020.07.08-17.58.48:472][308]LogAssetEditorSubsystem: Opening Asset editor for Blueprint /Game/actorReleted/bp_masterItem/bp_spawnerManager.bp_spawnerManager
[2020.07.08-17.58.48:764][308]LogSlate: Took 0.000210 seconds to synchronously load lazily loaded font '../../../Engine/Content/Slate/Fonts/Roboto-BoldCondensed.ttf' (158K)
[2020.07.08-17.59.00:274][573]LogSlate: Took 0.000215 seconds to synchronously load lazily loaded font '../../../Engine/Content/Slate/Fonts/Roboto-BoldCondensedItalic.ttf' (160K)
[2020.07.08-17.59.01:776][722]BlueprintLog: New page: Compile bp_spawnerManager
[2020.07.08-17.59.01:814][722]LogUObjectHash: Compacting FUObjectHashTables data took   1.91ms
[2020.07.08-17.59.01:855][722]LogSlate: Took 0.000276 seconds to synchronously load lazily loaded font '../../../Engine/Content/Slate/Fonts/DroidSansMono.ttf' (77K)
[2020.07.08-17.59.07:108][287]LogEditorTransaction: Undo Move Node
[2020.07.08-17.59.17:959][458]LogEditorTransaction: Undo Move Node
[2020.07.08-17.59.41:275][ 48]BlueprintLog: New page: Compile bp_spawnerManager
[2020.07.08-17.59.41:313][ 48]LogUObjectHash: Compacting FUObjectHashTables data took   1.74ms
[2020.07.08-17.59.41:630][ 78]Cmd: OBJ SAVEPACKAGE PACKAGE="/Game/actorReleted/bp_masterItem/bp_spawnerManager" FILE="Z:/Untrustable/untrustables/Content/actorReleted/bp_masterItem/bp_spawnerManager.uasset" SILENT=true
[2020.07.08-17.59.41:651][ 78]LogSavePackage: Moving 'Z:/Untrustable/untrustables/Saved/bp_spawnerManagerC63F00C3418418E98E691487ECE8E3A4.tmp' to 'Z:/Untrustable/untrustables/Content/actorReleted/bp_masterItem/bp_spawnerManager.uasset'
[2020.07.08-17.59.41:669][ 78]AssetCheck: New page: Asset Save: bp_spawnerManager
[2020.07.08-17.59.41:669][ 78]LogContentValidation: Display: Validating Blueprint /Game/actorReleted/bp_masterItem/bp_spawnerManager.bp_spawnerManager
[2020.07.08-17.59.52:229][293]LogEditorTransaction: Undo Move Node
[2020.07.08-17.59.55:555][649]BlueprintLog: New page: Compile bp_spawnerManager
[2020.07.08-17.59.55:594][649]LogUObjectHash: Compacting FUObjectHashTables data took   1.93ms
[2020.07.08-17.59.55:885][677]Cmd: OBJ SAVEPACKAGE PACKAGE="/Game/actorReleted/bp_masterItem/bp_spawnerManager" FILE="Z:/Untrustable/untrustables/Content/actorReleted/bp_masterItem/bp_spawnerManager.uasset" SILENT=true
[2020.07.08-17.59.55:908][677]LogSavePackage: Moving 'Z:/Untrustable/untrustables/Saved/bp_spawnerManager4411D67347ACB6AABBEFFBAB35A9CE4C.tmp' to 'Z:/Untrustable/untrustables/Content/actorReleted/bp_masterItem/bp_spawnerManager.uasset'
[2020.07.08-17.59.55:925][677]AssetCheck: New page: Asset Save: bp_spawnerManager
[2020.07.08-17.59.55:925][677]LogContentValidation: Display: Validating Blueprint /Game/actorReleted/bp_masterItem/bp_spawnerManager.bp_spawnerManager
[2020.07.08-17.59.56:849][769]LogUObjectHash: Compacting FUObjectHashTables data took   1.75ms
[2020.07.08-17.59.56:871][769]Cmd: OBJ SAVEPACKAGE PACKAGE="/Game/level" FILE="Z:/Untrustable/untrustables/Content/level.umap" SILENT=true AUTOSAVING=false KEEPDIRTY=false
[2020.07.08-17.59.56:891][769]LogUObjectHash: Compacting FUObjectHashTables data took   0.51ms
[2020.07.08-17.59.56:912][769]LogSavePackage: Moving 'Z:/Untrustable/untrustables/Saved/level272B0CFD444A6B2767761EB43921471D.tmp' to 'Z:/Untrustable/untrustables/Content/level.umap'
[2020.07.08-17.59.56:939][769]LogFileHelpers: Saving map 'level' took 0.068
[2020.07.08-17.59.56:939][769]Cmd: OBJ SAVEPACKAGE PACKAGE="/Game/level_BuiltData" FILE="Z:/Untrustable/untrustables/Content/level_BuiltData.uasset" SILENT=true
[2020.07.08-17.59.56:952][769]LogSavePackage: Moving 'Z:/Untrustable/untrustables/Saved/level_BuiltData4B6E07DF48B83B93CA5AA0BEB480D855.tmp' to 'Z:/Untrustable/untrustables/Content/level_BuiltData.uasset'
[2020.07.08-17.59.56:962][769]LogSlate: Took 0.000220 seconds to synchronously load lazily loaded font '../../../Engine/Content/Slate/Fonts/Roboto-Italic.ttf' (157K)
[2020.07.08-17.59.56:971][769]AssetCheck: New page: Asset Save: multiple assets
[2020.07.08-17.59.56:971][769]LogContentValidation: Display: Validating World /Game/level.level
[2020.07.08-17.59.56:971][769]LogContentValidation: Display: Validating MapBuildDataRegistry /Game/level_BuiltData.level_BuiltData
[2020.07.08-18.00.03:186][429]LogAssetEditorSubsystem: Opening Asset editor for Blueprint /Game/actorReleted/bp_masterItem/bp_carrot.bp_carrot
[2020.07.08-18.00.08:578][948]LogAssetEditorSubsystem: Opening Asset editor for Blueprint /Game/actorReleted/bp_masterItem/bp_masterItem.bp_masterItem
[2020.07.08-18.00.36:248][665]Cmd: OBJ SAVEPACKAGE PACKAGE="/Game/actorReleted/bp_masterItem/bp_masterItem" FILE="Z:/Untrustable/untrustables/Content/actorReleted/bp_masterItem/bp_masterItem.uasset" SILENT=true
[2020.07.08-18.00.36:271][665]LogSavePackage: Moving 'Z:/Untrustable/untrustables/Saved/bp_masterItem3CC616B74A7BAFEEFA0EB885BF374A44.tmp' to 'Z:/Untrustable/untrustables/Content/actorReleted/bp_masterItem/bp_masterItem.uasset'
[2020.07.08-18.00.36:281][665]AssetCheck: New page: Asset Save: bp_masterItem
[2020.07.08-18.00.36:282][665]LogContentValidation: Display: Validating Blueprint /Game/actorReleted/bp_masterItem/bp_masterItem.bp_masterItem
[2020.07.08-18.00.50:739][319]Cmd: OBJ SAVEPACKAGE PACKAGE="/Game/actorReleted/bp_masterItem/bp_spawnerManager" FILE="Z:/Untrustable/untrustables/Content/actorReleted/bp_masterItem/bp_spawnerManager.uasset" SILENT=true
[2020.07.08-18.00.50:766][319]LogSavePackage: Moving 'Z:/Untrustable/untrustables/Saved/bp_spawnerManager3860E5D4429774C15047EBBB01C1684E.tmp' to 'Z:/Untrustable/untrustables/Content/actorReleted/bp_masterItem/bp_spawnerManager.uasset'
[2020.07.08-18.00.50:778][319]AssetCheck: New page: Asset Save: bp_spawnerManager
[2020.07.08-18.00.50:778][319]LogContentValidation: Display: Validating Blueprint /Game/actorReleted/bp_masterItem/bp_spawnerManager.bp_spawnerManager
[2020.07.08-18.01.07:537][162]LogAssetEditorSubsystem: Opening Asset editor for Blueprint /Game/actorReleted/bp_masterItem/bp_itemSpawner.bp_itemSpawner
[2020.07.08-18.01.27:235][391]BlueprintLog: New page: Compile bp_itemSpawner
[2020.07.08-18.01.27:285][391]LogUObjectHash: Compacting FUObjectHashTables data took   2.67ms
[2020.07.08-18.01.27:565][417]Cmd: OBJ SAVEPACKAGE PACKAGE="/Game/actorReleted/bp_masterItem/bp_itemSpawner" FILE="Z:/Untrustable/untrustables/Content/actorReleted/bp_masterItem/bp_itemSpawner.uasset" SILENT=true
[2020.07.08-18.01.27:582][417]LogSavePackage: Moving 'Z:/Untrustable/untrustables/Saved/bp_itemSpawnerF18E21194A48A77AC8A96A999E8753A8.tmp' to 'Z:/Untrustable/untrustables/Content/actorReleted/bp_masterItem/bp_itemSpawner.uasset'
[2020.07.08-18.01.27:599][417]AssetCheck: New page: Asset Save: bp_itemSpawner
[2020.07.08-18.01.27:600][417]LogContentValidation: Display: Validating Blueprint /Game/actorReleted/bp_masterItem/bp_itemSpawner.bp_itemSpawner
[2020.07.08-18.01.29:392][611]Cmd: OBJ SAVEPACKAGE PACKAGE="/Game/actorReleted/bp_masterItem/bp_itemSpawner" FILE="Z:/Untrustable/untrustables/Content/actorReleted/bp_masterItem/bp_itemSpawner.uasset" SILENT=true
[2020.07.08-18.01.29:402][611]LogSavePackage: Moving 'Z:/Untrustable/untrustables/Saved/bp_itemSpawnerC6FE1E66457C4B0DDDCB56A9BDFFDED5.tmp' to 'Z:/Untrustable/untrustables/Content/actorReleted/bp_masterItem/bp_itemSpawner.uasset'
[2020.07.08-18.01.29:413][611]AssetCheck: New page: Asset Save: bp_itemSpawner
[2020.07.08-18.01.29:413][611]LogContentValidation: Display: Validating Blueprint /Game/actorReleted/bp_masterItem/bp_itemSpawner.bp_itemSpawner
[2020.07.08-18.01.39:620][725]LogEditorTransaction: Undo Promote To Variable
[2020.07.08-18.02.23:514][650]LogRHI: Error: Present Fail Count 1
[2020.07.08-18.02.23:514][650]LogRHI: Error: SyncInterval 0
[2020.07.08-18.02.23:514][650]LogRHI: Error: SwapChainDesc.BufferDesc.Width 152
[2020.07.08-18.02.23:514][650]LogRHI: Error: SwapChainDesc.BufferDesc.Height 26
[2020.07.08-18.02.23:514][650]LogRHI: Error: SwapChainDesc.BufferDesc.RefreshRate.Numerator 0
[2020.07.08-18.02.23:514][650]LogRHI: Error: SwapChainDesc.BufferDesc.RefreshRate.Denominator 0
[2020.07.08-18.02.23:514][650]LogRHI: Error: SwapChainDesc.BufferDesc.Format 24
[2020.07.08-18.02.23:514][650]LogRHI: Error: SwapChainDesc.BufferDesc.ScanlineOrdering 0
[2020.07.08-18.02.23:514][650]LogRHI: Error: SwapChainDesc.BufferDesc.Scaling 0
[2020.07.08-18.02.23:514][650]LogRHI: Error: SwapChainDesc.SampleDesc.Count 1
[2020.07.08-18.02.23:514][650]LogRHI: Error: SwapChainDesc.SampleDesc.Quality 0
[2020.07.08-18.02.23:514][650]LogRHI: Error: SwapChainDesc.BufferUsage 48
[2020.07.08-18.02.23:514][650]LogRHI: Error: SwapChainDesc.BufferCount 2
[2020.07.08-18.02.23:514][650]LogRHI: Error: SwapChainDesc.OutputWindow 000000000016058E
[2020.07.08-18.02.23:514][650]LogRHI: Error: SwapChainDesc.Windowed true
[2020.07.08-18.02.23:514][650]LogRHI: Error: SwapChainDesc.SwapEffect 4
[2020.07.08-18.02.23:514][650]LogRHI: Error: SwapChainDesc.Flags 2050
[2020.07.08-18.02.23:514][650]LogD3D11RHI: Error: Result failed 
 at D:/Build/++UE4+Licensee/Sync/Engine/Source/Runtime/Windows/D3D11RHI/Private/D3D11Query.cpp:348 
 with error DXGI_ERROR_DEVICE_REMOVED DXGI_ERROR_DRIVER_INTERNAL_ERROR
[2020.07.08-18.02.23:514][650]LogWindows: Windows GetLastError: De bewerking is voltooid. (0)
[2020.07.08-18.02.25:294][650]LogWindows: FPlatformMisc::RequestExit(0)
[2020.07.08-18.02.25:294][650]LogCore: Engine exit requested (reason: Win RequestExit)
[2020.07.08-18.02.25:294][650]LogWindows: Error: Error reentered: Assertion failed: Result >= 0 [File:D:/Build/++UE4+Licensee/Sync/Engine/Source/Runtime/RHI/Private/PipelineStateCache.cpp] [Line: 1258] 


[2020.07.08-18.02.25:294][650]LogOutputDevice: Warning: 

Script Stack (0 frames):

[2020.07.08-18.02.25:294][650]LogWindows: Windows GetLastError: De bewerking is voltooid. (0)
[2020.07.08-18.02.25:294][650]LogWindows: FPlatformMisc::RequestExit(0)
[2020.07.08-18.02.25:294][650]LogCore: Engine exit requested (reason: Win RequestExit; note: exit was already requested)
[2020.07.08-18.02.25:296][650]LogOutputDevice: Warning: 

Script Stack (0 frames):

[2020.07.08-18.02.25:296][650]LogWindows: Windows GetLastError: De bewerking is voltooid. (0)
[2020.07.08-18.02.25:296][650]LogWindows: FPlatformMisc::RequestExit(0)
[2020.07.08-18.02.25:296][650]LogCore: Engine exit requested (reason: Win RequestExit; note: exit was already requested)
[2020.07.08-18.02.25:297][650]LogOutputDevice: Warning: 

Script Stack (0 frames):

[2020.07.08-18.02.25:297][650]LogWindows: Windows GetLastError: De bewerking is voltooid. (0)
[2020.07.08-18.02.25:297][650]LogWindows: FPlatformMisc::RequestExit(0)
[2020.07.08-18.02.25:297][650]LogCore: Engine exit requested (reason: Win RequestExit; note: exit was already requested)
[2020.07.08-18.02.25:298][650]LogWindows: FPlatformMisc::RequestExit(0)
[2020.07.08-18.02.25:298][650]LogCore: Engine exit requested (reason: Win RequestExit; note: exit was already requested)
[2020.07.08-18.02.25:298][650]LogThreadingWindows: Error: Runnable thread RenderThread 1 crashed.
[2020.07.08-18.02.25:298][650]LogWindows: Error: === Critical error: ===
[2020.07.08-18.02.25:298][650]LogWindows: Error: 
[2020.07.08-18.02.25:298][650]LogWindows: Error: Fatal error: [File:D:/Build/++UE4+Licensee/Sync/Engine/Source/Runtime/RenderCore/Private/RenderingThread.cpp] [Line: 855] 
[2020.07.08-18.02.25:298][650]LogWindows: Error: Rendering thread exception:
[2020.07.08-18.02.25:298][650]LogWindows: Error: Assertion failed: Status < (sizeof(*RtlpNumberOf(AftermathReason))) [File:D:/Build/++UE4+Licensee/Sync/Engine/Source/Runtime/Windows/D3D11RHI/Private/D3D11RHI.cpp] [Line: 667] 
[2020.07.08-18.02.25:298][650]LogWindows: Error: 
[2020.07.08-18.02.25:298][650]LogWindows: Error: 
[2020.07.08-18.02.25:298][650]LogWindows: Error: 
[2020.07.08-18.02.25:298][650]LogWindows: Error: Unhandled Exception: 0x00008000
[2020.07.08-18.02.25:298][650]LogWindows: Error: 
[2020.07.08-18.02.25:298][650]LogWindows: Error: [Callstack] 0x00007ffa3e92a799 KERNELBASE.dll!UnknownFunction []
[2020.07.08-18.02.25:298][650]LogWindows: Error: [Callstack] 0x00007ff9f3d52307 UE4Editor-Core.dll!UnknownFunction []
[2020.07.08-18.02.25:298][650]LogWindows: Error: [Callstack] 0x00007ff9f3d53ee1 UE4Editor-Core.dll!UnknownFunction []
[2020.07.08-18.02.25:298][650]LogWindows: Error: [Callstack] 0x00007ff9f3ae0c0d UE4Editor-Core.dll!UnknownFunction []
[2020.07.08-18.02.25:298][650]LogWindows: Error: [Callstack] 0x00007ff9f3a6be95 UE4Editor-Core.dll!UnknownFunction []
[2020.07.08-18.02.25:298][650]LogWindows: Error: [Callstack] 0x00007ff9f3a6e1d0 UE4Editor-Core.dll!UnknownFunction []
[2020.07.08-18.02.25:298][650]LogWindows: Error: [Callstack] 0x00007ff9d61b6783 UE4Editor-D3D11RHI.dll!UnknownFunction []
[2020.07.08-18.02.25:298][650]LogWindows: Error: [Callstack] 0x00007ff9d61edca4 UE4Editor-D3D11RHI.dll!UnknownFunction []
[2020.07.08-18.02.25:298][650]LogWindows: Error: [Callstack] 0x00007ff9d61f286b UE4Editor-D3D11RHI.dll!UnknownFunction []
[2020.07.08-18.02.25:298][650]LogWindows: Error: [Callstack] 0x00007ff9d61c883e UE4Editor-D3D11RHI.dll!UnknownFunction []
[2020.07.08-18.02.25:298][650]LogWindows: Error: [Callstack] 0x00007ff9d61ddedd UE4Editor-D3D11RHI.dll!UnknownFunction []
[2020.07.08-18.02.25:298][650]LogWindows: Error: [Callstack] 0x00007ffa093c7a76 UE4Editor-RHI.dll!UnknownFunction []
[2020.07.08-18.02.25:298][650]LogWindows: Error: [Callstack] 0x00007ffa093cbb50 UE4Editor-RHI.dll!UnknownFunction []
[2020.07.08-18.02.25:298][650]LogWindows: Error: [Callstack] 0x00007ffa093cb684 UE4Editor-RHI.dll!UnknownFunction []
[2020.07.08-18.02.25:298][650]LogWindows: Error: [Callstack] 0x00007ffa093cc776 UE4Editor-RHI.dll!UnknownFunction []
[2020.07.08-18.02.25:298][650]LogWindows: Error: [Callstack] 0x00007ffa093c0559 UE4Editor-RHI.dll!UnknownFunction []
[2020.07.08-18.02.25:298][650]LogWindows: Error: [Callstack] 0x00007ff9d5e6c1ae UE4Editor-SlateRHIRenderer.dll!UnknownFunction []
[2020.07.08-18.02.25:298][650]LogWindows: Error: [Callstack] 0x00007ff9d5e611f5 UE4Editor-SlateRHIRenderer.dll!UnknownFunction []
[2020.07.08-18.02.25:298][650]LogWindows: Error: [Callstack] 0x00007ff9d5e73c0e UE4Editor-SlateRHIRenderer.dll!UnknownFunction []
[2020.07.08-18.02.25:298][650]LogWindows: Error: [Callstack] 0x00007ff9f38888d8 UE4Editor-Core.dll!UnknownFunction []
[2020.07.08-18.02.25:298][650]LogWindows: Error: [Callstack] 0x00007ff9f3888ba3 UE4Editor-Core.dll!UnknownFunction []
[2020.07.08-18.02.25:298][650]LogWindows: Error: [Callstack] 0x00007ff9f7ddf7f2 UE4Editor-RenderCore.dll!UnknownFunction []
[2020.07.08-18.02.25:298][650]LogWindows: Error: [Callstack] 0x00007ff9f7de5334 UE4Editor-RenderCore.dll!UnknownFunction []
[2020.07.08-18.02.25:298][650]LogWindows: Error: [Callstack] 0x00007ff9f3d7239b UE4Editor-Core.dll!UnknownFunction []
[2020.07.08-18.02.25:298][650]LogWindows: Error: [Callstack] 0x00007ff9f3d69d90 UE4Editor-Core.dll!UnknownFunction []
[2020.07.08-18.02.25:298][650]LogWindows: Error: [Callstack] 0x00007ffa3f347bd4 KERNEL32.DLL!UnknownFunction []
[2020.07.08-18.02.25:298][650]LogWindows: Error: [Callstack] 0x00007ffa40cece51 ntdll.dll!UnknownFunction []
[2020.07.08-18.02.25:298][650]LogWindows: Error: 
[2020.07.08-18.02.25:298][650]LogWindows: Error: 
[2020.07.08-18.02.25:298][650]LogWindows: Error: 
[2020.07.08-18.02.25:298][650]LogWindows: Error: 
[2020.07.08-18.02.25:298][650]LogWindows: Error: Crash in runnable thread RenderThread 1
[2020.07.08-18.02.25:299][650]LogOutputDevice: Warning: 

Script Stack (0 frames):

[2020.07.08-18.02.25:303][650]LogWindows: Windows GetLastError: De bewerking is voltooid. (0)
[2020.07.08-18.02.25:303][650]LogWindows: Error: HandleError re-entered.
[2020.07.08-18.02.25:303][650]LogWindows: FPlatformMisc::RequestExit(1)
[2020.07.08-18.02.25:303][650]LogCore: Engine exit requested (reason: Win RequestExit; note: exit was already requested)
[2020.07.08-18.02.25:340][650]Log file closed, 07/08/20 20:02:25
